<?xml version="1.0" encoding="utf-8"?><testsuites><testsuite name="pytest" errors="0" failures="0" skipped="0" tests="15" time="6.498" timestamp="2025-04-07T20:24:21.776161-07:00" hostname="rome.local"><testcase classname="tests.test_cli" name="test_app_reports_version" time="0.002" /><testcase classname="tests.test_cli" name="test_app_browse_calls_webbrowser" time="0.003" /><testcase classname="tests.test_cli" name="test_app_browse_validates_content_url_is_present" time="0.002" /><testcase classname="tests.test_cli" name="test_app_browse_validates_content_url_is_valid" time="0.002" /><testcase classname="tests.test_cli" name="test_app_lists_frame_content_by_default" time="0.002" /><testcase classname="tests.test_cli" name="test_app_lists_nonframe_content_with_option" time="0.002" /><testcase classname="tests.test_cli" name="test_app_download_validates_frame_options" time="0.004" /><testcase classname="tests.test_cli" name="test_app_download_has_dry_run_option" time="0.987" /><testcase classname="tests.test_cli" name="test_app_download_validates_rename_option" time="0.585" /><testcase classname="tests.test_cli" name="test_app_download_renumber_option_requires_rename_option" time="0.654" /><testcase classname="tests.test_cli" name="test_app_download_rename_is_honored" time="0.598" /><testcase classname="tests.test_cli" name="test_app_download_rename_and_renumber_are_honored" time="0.583" /><testcase classname="tests.test_cli" name="test_app_download_calls_subprocess" time="0.005" /><testcase classname="tests.test_cli" name="test_app_download_checks_asset_name" time="0.577" /><testcase classname="tests.test_cli" name="test_app_download_validates_asset_config_values" time="2.176" /></testsuite></testsuites>
